{
  "stats": {
    "suites": 0,
    "tests": 1,
    "passes": 0,
    "pending": 0,
    "failures": 1,
    "start": "2021-09-30T13:45:50.617Z",
    "end": "2021-09-30T13:45:51.000Z",
    "duration": 383,
    "testsRegistered": 1,
    "passPercent": 0,
    "pendingPercent": 0,
    "other": 0,
    "hasOther": false,
    "skipped": 0,
    "hasSkipped": false
  },
  "results": [
    {
      "uuid": "8f66b679-164e-474e-bf0e-4d5637d977b9",
      "title": "",
      "fullFile": "cypress/integration/RegressionTest.js",
      "file": "cypress/integration/RegressionTest.js",
      "beforeHooks": [],
      "afterHooks": [],
      "tests": [
        {
          "title": "An uncaught error was detected outside of a test",
          "fullTitle": "An uncaught error was detected outside of a test",
          "timedOut": null,
          "duration": 270,
          "state": "failed",
          "speed": null,
          "pass": false,
          "fail": true,
          "pending": false,
          "context": null,
          "code": "throw err;",
          "err": {
            "message": "TypeError: The following error originated from your test code, not from Cypress.\n\n  > _DashboardObjects.default is not a constructor\n\nWhen Cypress detects uncaught errors originating from your test code it will automatically fail the current test.\n\nCypress could not associate this error to any specific test.\n\nWe dynamically generated a new test to display this failure.",
            "estack": "TypeError: The following error originated from your test code, not from Cypress.\n\n  > _DashboardObjects.default is not a constructor\n\nWhen Cypress detects uncaught errors originating from your test code it will automatically fail the current test.\n\nCypress could not associate this error to any specific test.\n\nWe dynamically generated a new test to display this failure.\n    at Object../cypress/support/LoginActions.js (http://localhost:49692/__cypress/tests?p=cypress\\support\\index.js:192:18)\n    at __webpack_require__ (http://localhost:49692/__cypress/tests?p=cypress\\support\\index.js:20:30)\n    at Object../cypress/support/index.js (http://localhost:49692/__cypress/tests?p=cypress\\support\\index.js:266:1)\n    at __webpack_require__ (http://localhost:49692/__cypress/tests?p=cypress\\support\\index.js:20:30)\n    at Object.0 (http://localhost:49692/__cypress/tests?p=cypress\\support\\index.js:306:18)\n    at __webpack_require__ (http://localhost:49692/__cypress/tests?p=cypress\\support\\index.js:20:30)\n    at eval (http://localhost:49692/__cypress/tests?p=cypress\\support\\index.js:84:18)\n    at eval (http://localhost:49692/__cypress/tests?p=cypress\\support\\index.js:87:10)\n    at eval (<anonymous>)",
            "diff": null
          },
          "uuid": "89784f9b-95a9-41fa-bb03-640f5f94c0c8",
          "parentUUID": "8f66b679-164e-474e-bf0e-4d5637d977b9",
          "isHook": false,
          "skipped": false
        }
      ],
      "suites": [],
      "passes": [],
      "failures": [
        "89784f9b-95a9-41fa-bb03-640f5f94c0c8"
      ],
      "pending": [],
      "skipped": [],
      "duration": 270,
      "root": true,
      "rootEmpty": false,
      "_timeout": 2000
    }
  ],
  "meta": {
    "mocha": {
      "version": "7.0.1"
    },
    "mochawesome": {
      "options": {
        "quiet": false,
        "reportFilename": "mochawesome",
        "saveHtml": false,
        "saveJson": true,
        "consoleReporter": "spec",
        "useInlineDiffs": false,
        "code": true
      },
      "version": "6.3.0"
    },
    "marge": {
      "options": {
        "id": "default",
        "reportDir": "cypress/reports/mocha",
        "quite": true,
        "overwrite": false,
        "html": false,
        "json": true
      },
      "version": "5.2.0"
    }
  }
}